<?xml version="1.0" encoding="UTF-8"?>
<testng-results ignored="0" total="1" passed="1" failed="0" skipped="0">
  <reporter-output>
  </reporter-output>
  <suite started-at="2022-07-03T16:54:25 IST" name="Surefire suite" finished-at="2022-07-03T16:54:25 IST" duration-ms="94">
    <groups>
    </groups>
    <test started-at="2022-07-03T16:54:25 IST" name="Surefire test" finished-at="2022-07-03T16:54:25 IST" duration-ms="94">
      <class name="com.qa.tests.DemoTest">
        <test-method signature="sum()[pri:0, instance:com.qa.tests.DemoTest@2b4bac49]" started-at="2022-07-03T16:54:25 IST" name="sum" finished-at="2022-07-03T16:54:25 IST" duration-ms="15" status="PASS">
          <reporter-output>
          </reporter-output>
        </test-method> <!-- sum -->
      </class> <!-- com.qa.tests.DemoTest -->
    </test> <!-- Surefire test -->
  </suite> <!-- Surefire suite -->
</testng-results>
